<?xml version="1.0" encoding="UTF-8"?>
<testng-results ignored="0" total="1" passed="1" failed="0" skipped="0">
  <reporter-output>
  </reporter-output>
  <suite started-at="2023-03-29T11:46:36 IST" name="Default suite" finished-at="2023-03-29T11:46:36 IST" duration-ms="388">
    <groups>
    </groups>
    <test started-at="2023-03-29T11:46:36 IST" name="Default test" finished-at="2023-03-29T11:46:36 IST" duration-ms="388">
      <class name="com.yourstore.testcases.NewTest">
        <test-method is-config="true" signature="launchApplication()[pri:0, instance:com.yourstore.testcases.NewTest@106cc338]" started-at="2023-03-29T11:45:44 IST" name="launchApplication" finished-at="2023-03-29T11:46:36 IST" duration-ms="51993" status="PASS">
          <reporter-output>
          </reporter-output>
        </test-method> <!-- launchApplication -->
        <test-method signature="f()[pri:0, instance:com.yourstore.testcases.NewTest@106cc338]" started-at="2023-03-29T11:46:36 IST" name="f" finished-at="2023-03-29T11:46:36 IST" duration-ms="152" status="PASS">
          <reporter-output>
          </reporter-output>
        </test-method> <!-- f -->
        <test-method is-config="true" signature="closeApplication()[pri:0, instance:com.yourstore.testcases.NewTest@106cc338]" started-at="2023-03-29T11:46:36 IST" name="closeApplication" finished-at="2023-03-29T11:46:37 IST" duration-ms="466" status="PASS">
          <reporter-output>
          </reporter-output>
        </test-method> <!-- closeApplication -->
      </class> <!-- com.yourstore.testcases.NewTest -->
    </test> <!-- Default test -->
  </suite> <!-- Default suite -->
</testng-results>
